塞納河/畔/左岸/的/咖啡/
/我/手一杯/品嚐/你/的/美/
/留下/唇印/的/嘴/
/花店/玫瑰/名字/寫錯/誰/
/告白/氣球/風吹/到/對街/
/微笑/在/天/上飛/
/你/說/你/有點/難/追/想/讓/我/知難而退/
/禮物/不需/挑/最/貴/只要/香榭/的/落葉/
/營造/浪漫/的/約會/不/害怕/搞砸/一切/
/擁有/你/就/擁有/全世界/
/親愛的/愛上/你/從/那天/起/甜蜜/的/很/輕易/
/親愛的/別/任性/你/的/眼睛/在/說/我/願意/
/塞納河/畔/左岸/的/咖啡/
/我/手一杯/品嚐/你/的/美/
/留下/唇印/的/嘴/
/花店/玫瑰/名字/寫錯/誰/
/告白/氣球/風吹/到/對街/
/微笑/在/天/上飛/
/你/說/你/有點/難/追/想/讓/我/知難而退/
/禮物/不需/挑/最/貴/只要/香榭/的/落葉/
/營造/浪漫/的/約會/不/害怕/搞砸/一切/
/擁有/你/就/擁有/全世界/
/親愛的/愛上/你/從/那天/起/甜蜜/的/很/輕易/
/親愛的/別/任性/你/的/眼睛/在/說/我/願意/
/親愛的/愛上/你/戀愛/日記/
/飄香/水/的/回憶/
/一/整瓶/的/夢境/全都/有/你/攪拌/在一起/
/
/親愛的/別/任性/你/的/眼睛/在/說/我/願意/
