素胚 勾勒出 青花 筆鋒 濃 轉淡 
 瓶身 描繪 的 牡丹 一如 妳 初妝 
 冉冉 檀香 透過 窗 心事 我 了然 
 宣紙 上 走 筆 至 此 擱 一 半 
 釉色 渲染 仕女圖 韻味 被 私藏 
 而 妳 嫣然 的 一 笑 如 含苞待放 
 妳 的 美 一 縷 飄散 去到 我 去不了 的 地方 
 天 青色 等 煙雨 而 我 在 等 妳 
 炊煙 裊裊 昇起 隔江 千 萬里 
 在 瓶底 書漢 隸仿 前朝 的 飄逸 
 就 當 我 為 遇見 妳 伏筆 
 天 青色 等 煙雨 而 我 在 等 妳 
 月色 被 打撈 起 暈開 了 結局 
 如 傳世 的 青花瓷 自顧 自 美麗 
 妳 眼帶 笑意 
 色 白花 青 的 錦鯉 躍然 於 碗 底 
 臨摹 宋體 落款 時 卻 惦記 著 妳 
 妳 隱藏 在 窯燒 裡 千年 的 秘密 
 極 細膩 猶如 繡花針 落地 
 簾外 芭蕉 惹 驟雨 門環 惹 銅綠 
 而 我 路過 那 江南 小鎮 惹 了 妳 
 在 潑墨山水 畫裡 妳 從 墨色 深處 被 隱去 
 天 青色 等 煙雨 而 我 在 等 妳 
 炊煙 裊裊 昇起 隔江 千 萬里 
 在 瓶底 書漢 隸仿 前朝 的 飄逸 
 就 當 我 為 遇見 妳 伏筆 
 天 青色 等 煙雨 而 我 在 等 妳 
 月色 被 打撈 起 暈開 了 結局 
 如 傳世 的 青花瓷 自顧 自 美麗 
 妳 眼帶 笑意 
 天 青色 等 煙雨 而 我 在 等 妳 
 炊煙 裊裊 昇起 隔江 千 萬里 
 在 瓶底 書漢 隸仿 前朝 的 飄逸 
 就 當 我 為 遇見 妳 伏筆 
 天 青色 等 煙雨 而 我 在 等 妳 
 月色 被 打撈 起 暈開 了 結局 
 如 傳世 的 青花瓷 自顧 自 美麗 
 妳 眼帶 笑意 
 塞納河 畔 左岸 的 咖啡 
 我 手一杯 品嚐 你 的 美 
 留下 唇印 的 嘴 
 花店 玫瑰 名字 寫錯 誰 
 告白 氣球 風吹 到 對街 
 微笑 在 天 上飛 
 你 說 你 有點 難 追 想 讓 我 知難而退 
 禮物 不需 挑 最 貴 只要 香榭 的 落葉 
 營造 浪漫 的 約會 不 害怕 搞砸 一切 
 擁有 你 就 擁有 全世界 
 親愛的 愛上 你 從 那天 起 甜蜜 的 很 輕易 
 親愛的 別 任性 你 的 眼睛 在 說 我 願意 
 岩燒 店 的 煙味 瀰漫 
 隔壁 是 國術館 
 店 裡面 的 媽媽桑 茶道 有 三段 
 教 拳腳 武術 的 老闆 
 練鐵 沙掌 耍 楊家 槍 
 硬 底子 功夫 最 擅長 
 還 會 金鐘罩 鐵 布衫 
 他們 兒子 我 習慣 
 從小 就 耳濡目染 
 什麼 刀槍 跟 棍棒 
 我 都 耍 的 有模有樣 
 什麼 兵器 最 喜歡 
 雙 截棍 柔中 帶 剛 
 想要 去 河南 嵩山 
 學 少林 跟 武當 
 幹什麼 幹什麼 
 呼吸 吐納 心 自在 
 幹什麼 幹什麼 
 氣沉 丹田 手心 開 
 幹什麼 幹什麼 
 日 行千 里繫 沙袋 
 幹什麼 幹什麼 
 我 打開 任督二脈 
 幹什麼 幹什麼 
 東亞病夫 的 招牌 
 幹什麼 幹什麼 
 已 被 我 一 腳 踢開 哈 
 快 使用 雙 截棍 哼 哼 哈兮 
 快 使用 雙 截棍 哼 哼 哈兮 
 習武 之 人 切記 仁者 無敵 
 是 誰 在練 太極 風 生水 起 
 快 使用 雙 截棍 哼 哼 哈兮 
 快 使用 雙 截棍 哼 哼 哈兮 
 如果 我 有 輕功 飛簷走壁 
 為人 耿直 不屈 一身 正氣 哼 
 他們 兒子 我 習慣 
 從小 就 耳濡目染 
 什麼 刀槍 跟 棍棒 
 我 都 耍 的 有模有樣 
 什麼 兵器 最 喜歡 
 雙 截棍 柔中 帶 剛 
 想要 去 河南 嵩山 
 學 少林 跟 武當 
 快 使用 雙 截棍 哼 哼 哈兮 
 快 使用 雙 截棍 哼 哼 哈兮 
 習武 之 人 切記 仁者 無敵 
 是 誰 在練 太極 風 生水 起 
 快 使用 雙 截棍 哼 哼 哈兮 
 快 使用 雙 截棍 哼 哼 哈兮 
 如果 我 有 輕功 飛簷走壁 
 為人 耿直 不屈 一身 正氣 哼 
 快 使用 雙 截棍 哼 哼 哈兮 
 快 使用 雙 截棍 哼 哼 哈兮 
 習武 之 人 切記 仁者 無敵 
 是 誰 在練 太極 風 生水 起 
 快 使用 雙 截棍 哼 哼 哈兮 
 快 使用 雙 截棍 哼 哼 哈兮 
 快 使用 雙 截棍 哼 
 快 使用 雙 截棍 一身 正氣 哼 
 一 盞 離愁 孤單 佇立 在 窗口 
 我 在 門後 假裝 妳 人 還 沒 走 
 舊地 如 重遊 
 月圓 更 寂寞 
 夜半 清醒 的 燭火 不忍 苛責 我 
 一壺 漂泊 浪跡天涯 難入 喉 
 妳 走 之後 酒暖 回憶 思念 瘦 
 誰 在 用 琵琶 彈奏 一曲 東風 破 
 歲月 在 牆 上 剝落 看見 小時候 
 猶 記得 那年 我們 都 還 很 年幼 
 而 如今 琴聲 幽幽 
 我 的 等候 妳 沒 聽過 
 誰 再 用 琵琶 彈奏 一曲 東風 破 
 楓葉 將 故事 染色 
 結局 我 看透 
 籬笆 外 的 古道 我 牽 著 你 走過 
 荒煙漫草 的 年頭 
 就 連 分手 都 很 沉默 
 一壺 漂泊 浪跡天涯 難入 喉 
 妳 走 之後 酒暖 回憶 思念 瘦 
 水向 東流 時間 怎麼 偷 
 花開 就 一直 成熟 我 卻 錯過 
 誰 在 用 琵琶 彈奏 一曲 東風 破 
 歲月 在 牆 上 剝落 
 看見 小時候 
 猶 記得 那年 我們 都 還 很 年幼 
 而 如今 琴聲 幽幽 
 我 的 等候 妳 沒 聽過 
 誰 再 用 琵琶 彈奏 一曲 東風 破 
 楓葉 將 故事 染色 結局 我 看透 
 籬笆 外 的 古道 我 牽 著 你 走過 
 荒煙漫草 的 年頭 
 就 連 分手 都 
 誰 在 用 琵琶 彈奏 一曲 東風 破 
 歲月 在 牆 上 剝落 
 看見 小時候 
 猶 記得 那年 我們 都 還 很 年幼 
 而 如今 琴聲 幽幽 
 我 的 等候 妳 沒 聽過 
 誰 再 用 琵琶 彈奏 一曲 東風 破 
 楓葉 將 故事 染色 
 結局 我 看透 
 籬笆 外 的 古道 我 牽 著 你 走過 
 荒煙漫草 的 年頭 
 就 連 分手 都 很 沉默 
 蘭亭 臨帖 
 行書 如 行雲流水 
 月下 門推 
 心細 如 妳 腳步 碎 
 忙不迭 
 千年 碑易 拓 
 卻 難拓 你 的 美 
 真跡 絕 
 真心 能 給 誰 
 牧笛 橫吹 
 黃酒 小菜 又 幾碟 
 夕陽 餘暉 如 妳 的 羞怯 似醉 
 摹本 易寫 
 而 墨香 不 退 與 妳 共留 餘味 
 一行 硃砂 到底 圈了 誰 
 無關 風月 
 我 題序 等 妳 回 
 懸 筆 一絕 
 那 岸邊 浪千疊 
 情字 何解 怎 落筆 都 不 對 
 而 我 獨缺 妳 一生 的 了解 
 無關 風月 
 我 題序 等 妳 回 
 懸 筆 一絕 
 那 岸邊 浪千疊 
 情字 何解 怎 落筆 都 不 對 
 而 我 獨缺 妳 一生 的 了解 
 無關 風月 
 我 題序 等 妳 回 
 懸 筆 一絕 
 那 岸邊 浪千疊 
 情字 何解 怎 落筆 都 不 對 
 而 我 獨缺 妳 一生 的 了解 
 彈指 歲月 傾城 頃刻 間 湮滅 
 青 石板街 回眸 一 笑 妳 婉約 
 恨了 沒 
 妳 搖頭 輕嘆 
 誰 讓 妳 蹙 著眉 
 而 深閨 徒留 胭脂 味 
 人雁 南飛 
 轉身 一 瞥 妳 噙 淚 
 掬 一 把 月 
 手攬 回憶 怎麼 睡 
 又 怎麼 會 心事 密縫 繡花鞋 針針 怨懟 
 若 花 怨蝶 
 你 會怨 著 誰 
 無關 風月 
 我 題序 等 妳 回 
 懸 筆 一絕 
 那 岸邊 浪千疊 
 情字 何解 怎 落筆 都 不 對 
 而 我 獨缺 妳 一生 的 了解 
 無關 風月 
 我 題序 等 妳 回 
 手書 無愧 
 無懼 人間 是非 
 雨打 蕉葉 
 又 瀟 瀟 了 幾 夜 
 我 等 春雷 來 提醒 妳 愛 誰 
 一群 嗜血 的 螞蟻 被 腐肉 所 吸引 
 我 面無表情 看 孤獨 的 風景 
 失去 妳 愛恨 開始 分明 
 失去 妳 還 有 什麼 事好 關心 
 那 鴿子 不再 象徵 和平 
 我 終於 被 提醒 廣場 上 餵食 的 是 禿鷹 
 我 用 漂亮 的 押韻 形容 被 掠奪 一空 的 愛情 
 烏雲 開始 遮蔽 夜色 不 乾淨 
 公園 裡 葬禮 的 回音 在 漫天 飛行 
 送 你 的 白色 玫瑰 在 純黑 的 環境 凋零 
 烏鴉 在 樹枝 上 詭異 的 很 安靜 
 靜靜 聽 我 黑色 的 大衣 想 溫暖 你 
 日漸 冰冷 的 回憶 走過 的 走過 的 生命 
 四周 瀰漫 霧氣 
 我 在 空曠 的 墓地 
 老去 後 還 愛你 
 為 你 彈奏 蕭邦 的 夜曲 
 紀念 我 死去 的 愛情 
 跟 夜風 一樣 的 聲音 
 心碎 的 很 好聽 
 手在 鍵盤 敲 很 輕 
 我 給 的 思念 很 小心 
 你 埋葬 的 地方 叫 幽冥 
 為 你 彈奏 蕭邦 的 夜曲 
 紀念 我 死去 的 愛情 
 而 我 為 你 隱姓埋名 
 在 月光 下 彈琴 
 對 你 心跳 的 感應 
 還是 如此 溫熱 親近 
 懷念 你 那 鮮紅 的 唇印 
 那 些 斷翅 的 蜻蜓 散落 在 這 森林 
 而 我 的 眼睛 沒有 絲毫 同情 
 失去 妳 淚水 混濁 不清 
 失去 妳 我 連 笑容 都 有 陰影 
 風在 長滿 青苔 的 屋頂 嘲笑 我 的 傷心 
 像 一口 沒有 水 的 枯井 
 我 用 淒美 的 字型 描繪 後悔莫及 的 那 愛情 
 為 你 彈奏 蕭邦 的 夜曲 
 紀念 我 死去 的 愛情 
 跟 夜風 一樣 的 聲音 
 心碎 的 很 好聽 
 手在 鍵盤 敲 很 輕 
 我 給 的 思念 很 小心 
 你 埋葬 的 地方 叫 幽冥 
 為 你 彈奏 蕭邦 的 夜曲 
 紀念 我 死去 的 愛情 
 而 我 為 你 隱姓埋名 
 在 月光 下 彈琴 
 對 你 心跳 的 感應 
 還是 如此 溫熱 親近 
 懷念 你 那 鮮紅 的 唇印 
 一群 嗜血 的 螞蟻 被 腐肉 所 吸引 
 我 面無表情 看 孤獨 的 風景 
 失去 妳 愛恨 開始 分明 
 失去 妳 還 有 什麼 事好 關心 
 那 鴿子 不再 象徵 和平 
 我 終於 被 提醒 廣場 上 餵食 的 是 禿鷹 
 我 用 漂亮 的 押韻 形容 被 掠奪 一空 的 愛情 
 旌旗 如虹 
 山 堆疊 如峰 
 這 軍隊 蜿蜒 如龍 
 殺氣 如風 
 血色 如 酒紅 
 將軍 我 傲氣 如 
 神色 悍如凶 
 黃金 甲如忠 
 鐵騎 剽悍 我 行如 轟 
 景色 如冬 
 蕭瑟 如風 
 攻勢 如弓 
 魂斷 猶如 夢 中 
 一 靜一動 如松 
 千年 不變 如空 
 如空 
 如空 
 血染 盔甲 我 揮淚 殺 
 滿城 菊花 誰 的 天下 
 宮廷 之上 狼煙 風沙 
 生死 不過 一刀 的 疤 
 仇恨 綿延 如火 
 愁入 眉頭 如鎖 
 情感 漂泊 漂泊 
 漂泊 一 世如 我 
 今生 繁華 如 昨 
 兵戎相見 如破 
 千軍萬馬 萬馬 
 萬馬奔騰 那 骨頭 相殘 如錯 
 陳年 戰事 如酒 
 成敗 轉眼 如秋 
 遍地 烽火 烽火 
 烽火 回憶 如鏽 
 殺戮 過重 如否 
 烽火 回憶 如鏽 
 皇室 血脈 如 斷流 
 血染 盔甲 我 揮淚 殺 
 滿城 菊花 誰 的 天下 
 宮廷 之上 狼煙 風沙 
 生死 不過 一刀 的 疤 
 血染 盔甲 我 揮淚 殺 
 滿城 菊花 誰 的 天下 
 宮廷 之上 狼煙 風沙 
 生死 不過 一刀 的 疤 
 血染 盔甲 我 揮淚 殺 
 滿城 菊花 誰 的 天下 
 宮廷 之上 狼煙 風沙 
 生死 不過 一刀 的 疤 
 血染 盔甲 我 揮淚 殺 
 橫刀立馬 看 誰 倒下 
 愛恨 對話 歷史 留下 
 誰 在 亂箭 之中 瀟灑 
 妳 的 淚光 柔弱 中 帶傷 
 慘白 的 月 彎彎 勾住 過往 
 夜 太 漫長 凝結成 了霜 
 是 誰 在 閣樓 上 冰冷 的 絕望 
 雨 輕輕 彈 朱紅色 的 窗 
 我 一生 在 紙上 被 風吹 亂 
 夢 在 遠方 化成 一 縷香 
 隨風 飄散 妳 的 模樣 
 菊花 殘滿 地傷 
 妳 的 笑容 已 泛黃 
 花 落人 斷腸 
 我 心事 靜靜 躺 
 北風 亂夜 未央 
 妳 的 影子 剪 不斷 
 徒留 我 孤單 在 湖面 成雙 
 花 已 向晚 
 飄落 了 燦爛 
 凋謝 的 世道 上 命運 不堪 
 愁莫 渡江 
 秋心 拆 兩 半 
 怕 妳 上不了 岸 
 一輩子 搖晃 
 誰 的 江山 
 馬蹄聲 狂亂 
 我 一 身 的 戎裝 呼嘯 滄桑 
 天 微微 亮 
 妳 輕聲 的 嘆 
 一夜 惆悵 如此 委婉 
 菊花 殘滿 地傷 
 妳 的 笑容 已 泛黃 
 花 落人 斷腸 
 我 心事 靜靜 躺 
 北風 亂夜 未央 
 妳 的 影子 剪 不斷 
 徒留 我 孤單 在 湖面 成雙 
 菊花 殘滿 地傷 
 妳 的 笑容 已 泛黃 
 花 落人 斷腸 
 我 心事 靜靜 躺 
 北風 亂夜 未央 
 妳 的 影子 剪 不斷 
 徒留 我 孤單 在 湖面 成雙 
 娘子 卻 依舊 每日 折一枝 楊柳 
 妳 在 那裡 在 小 村外 的 溪邊 河口 默默 等 著 我 
 娘子 依舊 每日 折一枝 楊柳 
 妳 在 那裡 
 在 小 村外 的 溪邊 默默 等 著 
 一 壺好 酒 再 來 一 碗 熱粥 配上 幾斤 的 牛肉 
 我 說 店小二 
 三兩 銀 夠不夠 
 景色 入秋 
 漫天 黃沙 掠過 
 塞北 的 客棧 人 多 
 牧草 有沒有 
 我 馬兒 有些 瘦 
 世事 看透 江湖 上 潮起 潮落 
 什麼 恩怨 過錯 
 在 多年 以後 還是 讓 人 難過 心 傷透 
 娘子 她 人 在 江南 等 我 
 淚 不休 語 沉默 
 娘子 卻 依舊 每日 折一枝 楊柳 
 在 小 村外 的 溪邊 河口 默默 的 在 等 著 我 
 家鄉 的 爹娘 早已 蒼老 了 輪廓 
 娘子 我 欠 妳 太多 
 一 壺好 酒 再 來 一 碗 熱粥 配上 幾斤 的 牛肉 
 我 說 店小二 
 三兩 銀 夠不夠 
 景色 入秋 
 漫天 黃沙 掠過 
 塞北 的 客棧 人 多 
 牧草 有沒有 
 我 馬兒 有些 瘦 
 天涯 盡頭 
 滿 臉 風霜 落寞 
 近鄉情怯 的 我 
 相思 寄 紅豆 
 相思 寄 紅豆 
 無能為力 的 在 人海 中 漂泊 
 心 傷透 
 娘子 她 人 在 江南 等 我 
 淚 不休 語 沉默 
 一 壺好 酒 再 來 一 碗 熱粥 配上 幾斤 的 牛肉 
 我 說 店小二 
 三兩 銀 夠不夠 
 景色 入秋 
 漫天 黃沙 掠過 
 塞北 的 客棧 人 多 
 牧草 有沒有 我 馬兒 有些 瘦 
 世事 看透 
 江湖 上 潮起 潮落 
 什麼 恩怨 過錯 
 在 多年 以後 
 還是 讓 人 難過 
 心 傷透 
 娘子 她 人 在 江南 等 我 
 淚 不休 語 沉默 
 娘子 卻 依舊 每日 折一枝 楊柳 
 妳 在 那裡 在 小 村外 的 溪邊 河口 默默 等 著 我 
 娘子 依舊 每日 折一枝 楊柳 
 妳 在 那裡 在 小 村外 的 溪邊 默默 等 著 
 娘子 
 娘子 卻 依舊 每日 折一枝 楊柳 
 妳 在 那裡 在 小 村外 的 溪邊 河口 默默 等 著 我 
 娘子 依舊 每日 折一枝 楊柳 
 妳 在 那裡 在 小 村外 的 溪邊 默默 等 著 
 娘子